
  .   ____          _            __ _ _
 /\\ / ___'_ __ _ _(_)_ __  __ _ \ \ \ \
( ( )\___ | '_ | '_| | '_ \/ _` | \ \ \ \
 \\/  ___)| |_)| | | | | || (_| |  ) ) ) )
  '  |____| .__|_| |_|_| |_\__, | / / / /
 =========|_|==============|___/=/_/_/_/
 :: Spring Boot ::                (v3.2.3)

2026-07-16T19:19:39.986+05:00  INFO 95976 --- [           main] com.restoran.RestaurantApplication       : Starting RestaurantApplication using Java 17.0.12 with PID 95976 (D:\NOUT\Oybek dokument\antigravity_loyihalar\restoran_mijoz_kuryer\backend\target\classes started by User in D:\NOUT\Oybek dokument\antigravity_loyihalar\restoran_mijoz_kuryer\backend)
2026-07-16T19:19:39.990+05:00  INFO 95976 --- [           main] com.restoran.RestaurantApplication       : No active profile set, falling back to 1 default profile: "default"
2026-07-16T19:19:41.255+05:00  INFO 95976 --- [           main] .s.d.r.c.RepositoryConfigurationDelegate : Bootstrapping Spring Data JPA repositories in DEFAULT mode.
2026-07-16T19:19:41.349+05:00  INFO 95976 --- [           main] .s.d.r.c.RepositoryConfigurationDelegate : Finished Spring Data repository scanning in 81 ms. Found 7 JPA repository interfaces.
2026-07-16T19:19:42.306+05:00  INFO 95976 --- [           main] o.s.b.w.embedded.tomcat.TomcatWebServer  : Tomcat initialized with port 8080 (http)
2026-07-16T19:19:42.322+05:00  INFO 95976 --- [           main] o.apache.catalina.core.StandardService   : Starting service [Tomcat]
2026-07-16T19:19:42.322+05:00  INFO 95976 --- [           main] o.apache.catalina.core.StandardEngine    : Starting Servlet engine: [Apache Tomcat/10.1.19]
2026-07-16T19:19:42.410+05:00  INFO 95976 --- [           main] o.a.c.c.C.[Tomcat].[localhost].[/]       : Initializing Spring embedded WebApplicationContext
2026-07-16T19:19:42.412+05:00  INFO 95976 --- [           main] w.s.c.ServletWebServerApplicationContext : Root WebApplicationContext: initialization completed in 2366 ms
2026-07-16T19:19:42.458+05:00  INFO 95976 --- [           main] com.zaxxer.hikari.HikariDataSource       : HikariPool-1 - Starting...
2026-07-16T19:19:42.806+05:00  INFO 95976 --- [           main] com.zaxxer.hikari.pool.HikariPool        : HikariPool-1 - Added connection conn0: url=jdbc:h2:file:./data/restaurantdb user=POSTGRES
2026-07-16T19:19:42.809+05:00  INFO 95976 --- [           main] com.zaxxer.hikari.HikariDataSource       : HikariPool-1 - Start completed.
2026-07-16T19:19:42.821+05:00  INFO 95976 --- [           main] o.s.b.a.h2.H2ConsoleAutoConfiguration    : H2 console available at '/h2-console'. Database available at 'jdbc:h2:file:./data/restaurantdb'
2026-07-16T19:19:42.953+05:00  INFO 95976 --- [           main] o.hibernate.jpa.internal.util.LogHelper  : HHH000204: Processing PersistenceUnitInfo [name: default]
2026-07-16T19:19:43.015+05:00  INFO 95976 --- [           main] org.hibernate.Version                    : HHH000412: Hibernate ORM core version 6.4.4.Final
2026-07-16T19:19:43.054+05:00  INFO 95976 --- [           main] o.h.c.internal.RegionFactoryInitiator    : HHH000026: Second-level cache disabled
2026-07-16T19:19:43.322+05:00  INFO 95976 --- [           main] o.s.o.j.p.SpringPersistenceUnitInfo      : No LoadTimeWeaver setup: ignoring JPA class transformer
2026-07-16T19:19:43.386+05:00  WARN 95976 --- [           main] org.hibernate.orm.deprecation            : HHH90000025: H2Dialect does not need to be specified explicitly using 'hibernate.dialect' (remove the property setting and it will be selected by default)
2026-07-16T19:19:44.914+05:00  INFO 95976 --- [           main] o.h.e.t.j.p.i.JtaPlatformInitiator       : HHH000489: No JTA platform available (set 'hibernate.transaction.jta.platform' to enable JTA platform integration)
2026-07-16T19:19:44.979+05:00  INFO 95976 --- [           main] j.LocalContainerEntityManagerFactoryBean : Initialized JPA EntityManagerFactory for persistence unit 'default'
>>> Global timezone set to Asia/Tashkent. Current time: 2026-07-16T19:19:45.482835900
2026-07-16T19:19:45.664+05:00  INFO 95976 --- [           main] o.s.d.j.r.query.QueryEnhancerFactory     : Hibernate is in classpath; If applicable, HQL parser will be used.
2026-07-16T19:19:46.973+05:00  WARN 95976 --- [           main] JpaBaseConfiguration$JpaWebConfiguration : spring.jpa.open-in-view is enabled by default. Therefore, database queries may be performed during view rendering. Explicitly configure spring.jpa.open-in-view to disable this warning
2026-07-16T19:19:47.769+05:00  INFO 95976 --- [           main] o.s.b.w.embedded.tomcat.TomcatWebServer  : Tomcat started on port 8080 (http) with context path ''
2026-07-16T19:19:47.788+05:00  INFO 95976 --- [           main] com.restoran.RestaurantApplication       : Started RestaurantApplication in 8.309 seconds (process running for 8.767)
>>> databaseFixer initializing dynamically...
2026-07-16T19:19:47.942+05:00  INFO 95976 --- [nio-8080-exec-2] o.a.c.c.C.[Tomcat].[localhost].[/]       : Initializing Spring DispatcherServlet 'dispatcherServlet'
2026-07-16T19:19:47.943+05:00  INFO 95976 --- [nio-8080-exec-2] o.s.web.servlet.DispatcherServlet        : Initializing Servlet 'dispatcherServlet'
2026-07-16T19:19:47.946+05:00  INFO 95976 --- [nio-8080-exec-2] o.s.web.servlet.DispatcherServlet        : Completed initialization in 2 ms
2026-07-16T19:19:48.159+05:00 ERROR 95976 --- [nio-8080-exec-4] com.restoran.security.JwtAuthFilter      : Foydalanuvchi autentifikatsiyasini o'rnatib bo'lmadi: Foydalanuvchi topilmadi: client@food.uz
2026-07-16T19:19:48.159+05:00 ERROR 95976 --- [nio-8080-exec-2] com.restoran.security.JwtAuthFilter      : Foydalanuvchi autentifikatsiyasini o'rnatib bo'lmadi: Foydalanuvchi topilmadi: courier@food.uz
2026-07-16T19:19:48.159+05:00 ERROR 95976 --- [nio-8080-exec-3] com.restoran.security.JwtAuthFilter      : Foydalanuvchi autentifikatsiyasini o'rnatib bo'lmadi: Foydalanuvchi topilmadi: courier@food.uz
2026-07-16T19:19:48.160+05:00 ERROR 95976 --- [nio-8080-exec-6] com.restoran.security.JwtAuthFilter      : Foydalanuvchi autentifikatsiyasini o'rnatib bo'lmadi: Foydalanuvchi topilmadi: admin@food.uz
2026-07-16T19:19:48.160+05:00 ERROR 95976 --- [nio-8080-exec-5] com.restoran.security.JwtAuthFilter      : Foydalanuvchi autentifikatsiyasini o'rnatib bo'lmadi: Foydalanuvchi topilmadi: manager10@food.uz
2026-07-16T19:19:48.159+05:00 ERROR 95976 --- [nio-8080-exec-9] com.restoran.security.JwtAuthFilter      : Foydalanuvchi autentifikatsiyasini o'rnatib bo'lmadi: Foydalanuvchi topilmadi: courier@food.uz
2026-07-16T19:19:48.160+05:00 ERROR 95976 --- [io-8080-exec-10] com.restoran.security.JwtAuthFilter      : Foydalanuvchi autentifikatsiyasini o'rnatib bo'lmadi: Foydalanuvchi topilmadi: courier@food.uz
>>> Foydalanuvchilar (Admin, Mijoz, Kuryerlar) yaratildi!
>>> Restoran va Manager yaratildi: KFC Qarshi -> manager1@food.uz
>>> Restoran va Manager yaratildi: Evos -> manager2@food.uz
>>> Restoran va Manager yaratildi: MaxWay -> manager3@food.uz
>>> Restoran va Manager yaratildi: Bellissimo Pizza -> manager4@food.uz
>>> Restoran va Manager yaratildi: Oqtepa Lavash -> manager5@food.uz
>>> Restoran va Manager yaratildi: Wendy's -> manager6@food.uz
>>> Restoran va Manager yaratildi: Feed Up -> manager7@food.uz
>>> Restoran va Manager yaratildi: Wok Qarshi -> manager8@food.uz
>>> Restoran va Manager yaratildi: Apex Pizza -> manager9@food.uz
>>> Restoran va Manager yaratildi: Burger King -> manager10@food.uz
>>> 10 ta restoranga jami 150 taom muvaffaqiyatli yuklandi!
